Using pre-set license
Built from '2021.1/staging' branch; Version is '2021.1.6f1 (c0fade0cc7e9) revision 12647134'; Using compiler version '192528614'; Build Type 'Release'
OS: 'Windows 10 Home; OS build 19042.985; Version 2009; 64bit' Language: 'en' Physical Memory: 16309 MB
BatchMode: 1, IsHumanControllingUs: 0, StartBugReporterOnCrash: 0, Is64bit: 1, IsPro: 0

 COMMAND LINE ARGUMENTS:
C:\Program Files\Unity\Hub\Editor\2021.1.6f1\Editor\Unity.exe
-adb2
-batchMode
-noUpm
-name
AssetImportWorker0
-projectPath
D:/Users/Brandon Edmonds/Documents/Unity Projects/VRTest
-logFile
Logs/AssetImportWorker0.log
-srvPort
11257
Successfully changed project path to: D:/Users/Brandon Edmonds/Documents/Unity Projects/VRTest
D:/Users/Brandon Edmonds/Documents/Unity Projects/VRTest
Using Asset Import Pipeline V2.
Refreshing native plugins compatible for Editor in 211.43 ms, found 15 plugins.
Preloading 2 native plugins for Editor in 6.29 ms.
Initialize engine version: 2021.1.6f1 (c0fade0cc7e9)
[Subsystems] Discovering subsystems at path C:/Program Files/Unity/Hub/Editor/2021.1.6f1/Editor/Data/Resources/UnitySubsystems
[Subsystems] Discovering subsystems at path D:/Users/Brandon Edmonds/Documents/Unity Projects/VRTest/Assets
GfxDevice: creating device client; threaded=0; jobified=0
Direct3D:
    Version:  Direct3D 11.0 [level 11.1]
    Renderer: NVIDIA GeForce GTX 1060 6GB (ID=0x1c03)
    Vendor:   NVIDIA
    VRAM:     6052 MB
    Driver:   27.21.14.6647
Initialize mono
Mono path[0] = 'C:/Program Files/Unity/Hub/Editor/2021.1.6f1/Editor/Data/Managed'
Mono path[1] = 'C:/Program Files/Unity/Hub/Editor/2021.1.6f1/Editor/Data/MonoBleedingEdge/lib/mono/unityjit'
Mono config path = 'C:/Program Files/Unity/Hub/Editor/2021.1.6f1/Editor/Data/MonoBleedingEdge/etc'
Using monoOptions --debugger-agent=transport=dt_socket,embedding=1,server=y,suspend=n,address=127.0.0.1:56992
Begin MonoManager ReloadAssembly
Registering precompiled unity dll's ...
Register platform support module: C:/Program Files/Unity/Hub/Editor/2021.1.6f1/Editor/Data/PlaybackEngines/WindowsStandaloneSupport/UnityEditor.WindowsStandalone.Extensions.dll
Registered in 0.014461 seconds.
Native extension for WindowsStandalone target not found
Refreshing native plugins compatible for Editor in 133.61 ms, found 15 plugins.
Preloading 2 native plugins for Editor in 0.64 ms.
Mono: successfully reloaded assembly
- Completed reload, in  2.542 seconds
Platform modules already initialized, skipping
Registering precompiled user dll's ...
Registered in 0.056980 seconds.
Begin MonoManager ReloadAssembly
Native extension for WindowsStandalone target not found
Refreshing native plugins compatible for Editor in 133.35 ms, found 15 plugins.
Preloading 2 native plugins for Editor in 0.66 ms.
[XR] OculusXRPlugin: registering subsystems
[XR] Unable to register display lifecyle provider: [1]
[XR] Oculus Input lifecycle provider registered.
[XR] Unable to register input lifecyle provider: [1]
NullReferenceException: Object reference not set to an instance of an object
  at Unity.XR.Oculus.OculusLoader.AssetPathToAbsolutePath (System.String assetPath) [0x00048] in D:\Users\Brandon Edmonds\Documents\Unity Projects\VRTest\Library\PackageCache\com.unity.xr.oculus@1.9.1\Runtime\OculusLoader.cs:249 
  at Unity.XR.Oculus.OculusLoader.EditorLoadOVRPlugin () [0x0007b] in D:\Users\Brandon Edmonds\Documents\Unity Projects\VRTest\Library\PackageCache\com.unity.xr.oculus@1.9.1\Runtime\OculusLoader.cs:234 

(Filename: Library/PackageCache/com.unity.xr.oculus@1.9.1/Runtime/OculusLoader.cs Line: 249)

Mono: successfully reloaded assembly
- Completed reload, in  1.932 seconds
Platform modules already initialized, skipping
========================================================================
Worker process is ready to serve import requests
Launched and connected shader compiler UnityShaderCompiler.exe after 0.06 seconds
Refreshing native plugins compatible for Editor in 1.33 ms, found 15 plugins.
Preloading 2 native plugins for Editor in 0.68 ms.
Unloading 3848 Unused Serialized files (Serialized files now loaded: 0)
System memory in use before: 150.8 MB.
System memory in use after: 150.4 MB.

Unloading 38 unused Assets to reduce memory usage. Loaded Objects now: 4315.
Total: 3.029900 ms (FindLiveObjects: 0.313500 ms CreateObjectMapping: 0.105000 ms MarkObjects: 2.348200 ms  DeleteObjects: 0.262200 ms)

========================================================================
Received Import Request.
  path: Assets/Standard Assets/Fonts/Unipix.ttf
  artifactKey: Guid(1f16052dfd5f6f54e94e97ecedd4c86b) Importer(815301076,1909f56bfc062723c751e8b465ee728b)
Start importing Assets/Standard Assets/Fonts/Unipix.ttf using Guid(1f16052dfd5f6f54e94e97ecedd4c86b) Importer(815301076,1909f56bfc062723c751e8b465ee728b)  -> (artifact id: '18b8d119c6b74438a292ebfd5cc28288') in 0.125056 seconds 
========================================================================
Received Import Request.
  Time since last request: 0.000351 seconds.
  path: Assets/Standard Assets/Fonts/OpenSans/OpenSansRegular.ttf
  artifactKey: Guid(b51a3e520f9164da198dc59c8acfccd6) Importer(815301076,1909f56bfc062723c751e8b465ee728b)
Start importing Assets/Standard Assets/Fonts/OpenSans/OpenSansRegular.ttf using Guid(b51a3e520f9164da198dc59c8acfccd6) Importer(815301076,1909f56bfc062723c751e8b465ee728b)  -> (artifact id: '11e6eead3a11942fc7d89f7eeb1504b4') in 0.018454 seconds 
========================================================================
Received Import Request.
  Time since last request: 0.000488 seconds.
  path: Assets/Standard Assets/Environment/Water/Water4/Materials/OceanPlaneMaterial.mat
  artifactKey: Guid(a437a9b380909fa4d98f929428f70388) Importer(815301076,1909f56bfc062723c751e8b465ee728b)
Start importing Assets/Standard Assets/Environment/Water/Water4/Materials/OceanPlaneMaterial.mat using Guid(a437a9b380909fa4d98f929428f70388) Importer(815301076,1909f56bfc062723c751e8b465ee728b)  -> (artifact id: 'ebf0e3b459f1308fc97d8edf6234dfe2') in 0.361616 seconds 
========================================================================
Received Import Request.
  Time since last request: 0.000553 seconds.
  path: Assets/Standard Assets/Fonts/OpenSans/OpenSansSemibold.ttf
  artifactKey: Guid(01cd679a1b9ee48bf9c546f6ce2cb97e) Importer(815301076,1909f56bfc062723c751e8b465ee728b)
Start importing Assets/Standard Assets/Fonts/OpenSans/OpenSansSemibold.ttf using Guid(01cd679a1b9ee48bf9c546f6ce2cb97e) Importer(815301076,1909f56bfc062723c751e8b465ee728b)  -> (artifact id: '898535766cef87ed37b8132b8613f932') in 0.031579 seconds 
========================================================================
Received Import Request.
  Time since last request: 0.000503 seconds.
  path: Assets/Standard Assets/Environment/Water/Water/Materials/WaterPlaneMaterial.mat
  artifactKey: Guid(f1bc741ea0e69a241896582ddb633d55) Importer(815301076,1909f56bfc062723c751e8b465ee728b)
Start importing Assets/Standard Assets/Environment/Water/Water/Materials/WaterPlaneMaterial.mat using Guid(f1bc741ea0e69a241896582ddb633d55) Importer(815301076,1909f56bfc062723c751e8b465ee728b)  -> (artifact id: 'ce5682cc302f4f75802080e4b3860758') in 0.030399 seconds 
========================================================================
Received Import Request.
  Time since last request: 0.000542 seconds.
  path: Assets/Standard Assets/Fonts/OpenSans/OpenSansBold.ttf
  artifactKey: Guid(87c316b602156405d92e616621658222) Importer(815301076,1909f56bfc062723c751e8b465ee728b)
Start importing Assets/Standard Assets/Fonts/OpenSans/OpenSansBold.ttf using Guid(87c316b602156405d92e616621658222) Importer(815301076,1909f56bfc062723c751e8b465ee728b)  -> (artifact id: 'a03b705268436ff76c8f1ec52bd00418') in 0.024935 seconds 
========================================================================
Received Import Request.
  Time since last request: 0.000478 seconds.
  path: Assets/Standard Assets/Fonts/OpenSans/OpenSansLight.ttf
  artifactKey: Guid(04a842e316b6f44bf8da702de26a8ed6) Importer(815301076,1909f56bfc062723c751e8b465ee728b)
Start importing Assets/Standard Assets/Fonts/OpenSans/OpenSansLight.ttf using Guid(04a842e316b6f44bf8da702de26a8ed6) Importer(815301076,1909f56bfc062723c751e8b465ee728b)  -> (artifact id: '2fa7a8188f6ce2fde9b0879ef5c69877') in 0.026764 seconds 
========================================================================
Received Import Request.
  Time since last request: 0.000519 seconds.
  path: Assets/Standard Assets/Characters/ThirdPersonCharacter/Prefabs/ThirdPersonController.prefab
  artifactKey: Guid(7737647c22c1fc64a88d5cd030c352ce) Importer(815301076,1909f56bfc062723c751e8b465ee728b)
Start importing Assets/Standard Assets/Characters/ThirdPersonCharacter/Prefabs/ThirdPersonController.prefab using Guid(7737647c22c1fc64a88d5cd030c352ce) Importer(815301076,1909f56bfc062723c751e8b465ee728b)  -> (artifact id: '1d75815d8047d8574c47647e8e83f747') in 0.185426 seconds 
========================================================================
Received Import Request.
  Time since last request: 0.000445 seconds.
  path: Assets/Standard Assets/Characters/ThirdPersonCharacter/Prefabs/AIThirdPersonController.prefab
  artifactKey: Guid(54eb5844754051b40a918a84c33b7c1a) Importer(815301076,1909f56bfc062723c751e8b465ee728b)
Start importing Assets/Standard Assets/Characters/ThirdPersonCharacter/Prefabs/AIThirdPersonController.prefab using Guid(54eb5844754051b40a918a84c33b7c1a) Importer(815301076,1909f56bfc062723c751e8b465ee728b)  -> (artifact id: '57e35e65c836b85e809fd3018812cf17') in 0.108997 seconds 
========================================================================
Received Import Request.
  Time since last request: 7.250891 seconds.
  path: Assets/ExampleAssets/Materials
  artifactKey: Guid(7e2c000a47cf74a35ba28043f5839c1e) Importer(815301076,1909f56bfc062723c751e8b465ee728b)
Start importing Assets/ExampleAssets/Materials using Guid(7e2c000a47cf74a35ba28043f5839c1e) Importer(815301076,1909f56bfc062723c751e8b465ee728b)  -> (artifact id: '6e23d876a9c6052aa532e5f4a3588c1f') in 0.008144 seconds 
========================================================================
Received Import Request.
  Time since last request: 1.194348 seconds.
  path: Assets/ExampleAssets/Materials/Controller.mat
  artifactKey: Guid(3d2e36aacd7dc084b96e0755f1af4137) Importer(815301076,1909f56bfc062723c751e8b465ee728b)
Start importing Assets/ExampleAssets/Materials/Controller.mat using Guid(3d2e36aacd7dc084b96e0755f1af4137) Importer(815301076,1909f56bfc062723c751e8b465ee728b)  -> (artifact id: '271f0d15b20c526c1bb2bd4402537b47') in 0.042926 seconds 
========================================================================
Received Import Request.
  Time since last request: 0.000263 seconds.
  path: Assets/ExampleAssets/Materials/Grid.mat
  artifactKey: Guid(3f9336a53d1d2ea43895699cc52cb411) Importer(815301076,1909f56bfc062723c751e8b465ee728b)
Start importing Assets/ExampleAssets/Materials/Grid.mat using Guid(3f9336a53d1d2ea43895699cc52cb411) Importer(815301076,1909f56bfc062723c751e8b465ee728b)  -> (artifact id: 'd2483741e9f013c1fcb4842c045f937d') in 0.033742 seconds 
========================================================================
Received Import Request.
  Time since last request: 0.000322 seconds.
  path: Assets/ExampleAssets/Materials/Skybox Light.mat
  artifactKey: Guid(3a408e788dcbed6429c8d22a01b32a76) Importer(815301076,1909f56bfc062723c751e8b465ee728b)
Start importing Assets/ExampleAssets/Materials/Skybox Light.mat using Guid(3a408e788dcbed6429c8d22a01b32a76) Importer(815301076,1909f56bfc062723c751e8b465ee728b)  -> (artifact id: 'be2104d585b1997bd6bcd8f1a7b66f28') in 0.028790 seconds 
========================================================================
Received Import Request.
  Time since last request: 10.150341 seconds.
  path: Assets/ExampleAssets
  artifactKey: Guid(83b7bbecd9fac4db9824039903a1eea8) Importer(815301076,1909f56bfc062723c751e8b465ee728b)
Start importing Assets/ExampleAssets using Guid(83b7bbecd9fac4db9824039903a1eea8) Importer(815301076,1909f56bfc062723c751e8b465ee728b)  -> (artifact id: '2bcfb1b979a28109c01204c06ad9a053') in 0.007833 seconds 
========================================================================
Received Import Request.
  Time since last request: 7.475920 seconds.
  path: Assets/ExampleAssets/Models
  artifactKey: Guid(4a0dd92c4753243b18b4100cf4991b5b) Importer(815301076,1909f56bfc062723c751e8b465ee728b)
Start importing Assets/ExampleAssets/Models using Guid(4a0dd92c4753243b18b4100cf4991b5b) Importer(815301076,1909f56bfc062723c751e8b465ee728b)  -> (artifact id: 'f393eb9eeb9cc0e32f35eaf84ad4c547') in 0.007971 seconds 
========================================================================
Received Import Request.
  Time since last request: 0.071026 seconds.
  path: Assets/ExampleAssets/Models/XRControllerLeft.fbx
  artifactKey: Guid(e48d18018a0ba46c283d9fd9c227e578) Importer(815301076,1909f56bfc062723c751e8b465ee728b)
Start importing Assets/ExampleAssets/Models/XRControllerLeft.fbx using Guid(e48d18018a0ba46c283d9fd9c227e578) Importer(815301076,1909f56bfc062723c751e8b465ee728b)  -> (artifact id: '7cf66af2646f4b468f0de5411cc276b3') in 0.294988 seconds 
========================================================================
Received Import Request.
  Time since last request: 0.000325 seconds.
  path: Assets/ExampleAssets/Models/XRControllerRight.fbx
  artifactKey: Guid(2d10b9b89f2474de9800b152c3d00004) Importer(815301076,1909f56bfc062723c751e8b465ee728b)
Start importing Assets/ExampleAssets/Models/XRControllerRight.fbx using Guid(2d10b9b89f2474de9800b152c3d00004) Importer(815301076,1909f56bfc062723c751e8b465ee728b)  -> (artifact id: '78efbce4b0052df3e4726fa2230bbb8a') in 0.105332 seconds 
========================================================================
Received Import Request.
  Time since last request: 3.343833 seconds.
  path: Assets/Standard Assets
  artifactKey: Guid(c6195a43a0187a34e9c6be23520d3766) Importer(815301076,1909f56bfc062723c751e8b465ee728b)
Start importing Assets/Standard Assets using Guid(c6195a43a0187a34e9c6be23520d3766) Importer(815301076,1909f56bfc062723c751e8b465ee728b)  -> (artifact id: '3dde5de66680e5b3784f3a17ea7ab6c4') in 0.007964 seconds 
========================================================================
Received Import Request.
  Time since last request: 12.269584 seconds.
  path: Assets/Standard Assets/Effects
  artifactKey: Guid(115d1f9d9bd29064ab981e57c8fc8cdf) Importer(815301076,1909f56bfc062723c751e8b465ee728b)
Start importing Assets/Standard Assets/Effects using Guid(115d1f9d9bd29064ab981e57c8fc8cdf) Importer(815301076,1909f56bfc062723c751e8b465ee728b)  -> (artifact id: '34f3caac59c06605f16ef021f743b3c1') in 0.007998 seconds 
========================================================================
Received Import Request.
  Time since last request: 6.418592 seconds.
  path: Assets/Standard Assets/Utility
  artifactKey: Guid(4539eb30e895bbb41b5eae6df2dde978) Importer(815301076,1909f56bfc062723c751e8b465ee728b)
Start importing Assets/Standard Assets/Utility using Guid(4539eb30e895bbb41b5eae6df2dde978) Importer(815301076,1909f56bfc062723c751e8b465ee728b)  -> (artifact id: 'a8c28e6f567ae02e255e31130561b338') in 0.008425 seconds 
========================================================================
Received Import Request.
  Time since last request: 7.662971 seconds.
  path: Assets/Standard Assets/2D
  artifactKey: Guid(27dbec7630294d64c9ab91261656cbd4) Importer(815301076,1909f56bfc062723c751e8b465ee728b)
Start importing Assets/Standard Assets/2D using Guid(27dbec7630294d64c9ab91261656cbd4) Importer(815301076,1909f56bfc062723c751e8b465ee728b)  -> (artifact id: '4558ddfe9ee7821b0960fe7ccca666c9') in 0.008363 seconds 
========================================================================
Received Import Request.
  Time since last request: 2.008078 seconds.
  path: Assets/Standard Assets/2D/Materials
  artifactKey: Guid(a8360d6cbb0b24d30ad943985708a039) Importer(815301076,1909f56bfc062723c751e8b465ee728b)
Start importing Assets/Standard Assets/2D/Materials using Guid(a8360d6cbb0b24d30ad943985708a039) Importer(815301076,1909f56bfc062723c751e8b465ee728b)  -> (artifact id: 'ca5dc8ad320fbb9467c4d3970685a081') in 0.006905 seconds 
========================================================================
Received Import Request.
  Time since last request: 0.756695 seconds.
  path: Assets/Standard Assets/2D/Materials/SpriteLit.mat
  artifactKey: Guid(272ba847f100d4251bb8260575189042) Importer(815301076,1909f56bfc062723c751e8b465ee728b)
Start importing Assets/Standard Assets/2D/Materials/SpriteLit.mat using Guid(272ba847f100d4251bb8260575189042) Importer(815301076,1909f56bfc062723c751e8b465ee728b)  -> (artifact id: '76844d57e756e888d2973204c549657b') in 0.046676 seconds 
========================================================================
Received Import Request.
  Time since last request: 18.453377 seconds.
  path: Assets
  artifactKey: Guid(00000000000000001000000000000000) Importer(815301076,1909f56bfc062723c751e8b465ee728b)
Start importing Assets using Guid(00000000000000001000000000000000) Importer(815301076,1909f56bfc062723c751e8b465ee728b)  -> (artifact id: '1a956ff0e83af221383b1bd8a5281aa6') in 0.008777 seconds 
========================================================================
Received Prepare
Refreshing native plugins compatible for Editor in 33.36 ms, found 15 plugins.
Preloading 2 native plugins for Editor in 0.53 ms.
Unloading 28 Unused Serialized files (Serialized files now loaded: 0)
System memory in use before: 89.0 MB.
System memory in use after: 88.9 MB.

Unloading 28 unused Assets to reduce memory usage. Loaded Objects now: 4367.
Total: 3.500900 ms (FindLiveObjects: 0.335100 ms CreateObjectMapping: 0.104000 ms MarkObjects: 2.822000 ms  DeleteObjects: 0.238700 ms)

========================================================================
Received Import Request.
  Time since last request: 6.132954 seconds.
  path: Assets/Art
  artifactKey: Guid(fd8789dfb77d0eb478efd7a2b104c251) Importer(815301076,1909f56bfc062723c751e8b465ee728b)
Start importing Assets/Art using Guid(fd8789dfb77d0eb478efd7a2b104c251) Importer(815301076,1909f56bfc062723c751e8b465ee728b)  -> (artifact id: 'fb41ce9d5b24899e5b493b56e96ab6cf') in 0.007983 seconds 
========================================================================
Received Import Request.
  Time since last request: 8.990059 seconds.
  path: Assets/Art/Materialls
  artifactKey: Guid(a19e801eb805e7e45a61c4a544a8d1f4) Importer(815301076,1909f56bfc062723c751e8b465ee728b)
Start importing Assets/Art/Materialls using Guid(a19e801eb805e7e45a61c4a544a8d1f4) Importer(815301076,1909f56bfc062723c751e8b465ee728b)  -> (artifact id: '21352203f0da54a72c8c7d7a27aee5eb') in 0.008268 seconds 
========================================================================
Received Import Request.
  Time since last request: 7.471427 seconds.
  path: Assets/Art/Materialls/New Material.mat
  artifactKey: Guid(41af4222564240446857e6abcc95ffd9) Importer(815301076,1909f56bfc062723c751e8b465ee728b)
Start importing Assets/Art/Materialls/New Material.mat using Guid(41af4222564240446857e6abcc95ffd9) Importer(815301076,1909f56bfc062723c751e8b465ee728b)  -> (artifact id: 'd7df5042412de8382d3f7c09cff02c49') in 0.035359 seconds 
========================================================================
Received Prepare
Registering precompiled user dll's ...
Registered in 0.060139 seconds.
Begin MonoManager ReloadAssembly
Native extension for WindowsStandalone target not found
Refreshing native plugins compatible for Editor in 1.23 ms, found 15 plugins.
Preloading 2 native plugins for Editor in 0.60 ms.
NullReferenceException: Object reference not set to an instance of an object
  at Unity.XR.Oculus.OculusLoader.AssetPathToAbsolutePath (System.String assetPath) [0x00048] in D:\Users\Brandon Edmonds\Documents\Unity Projects\VRTest\Library\PackageCache\com.unity.xr.oculus@1.9.1\Runtime\OculusLoader.cs:249 
  at Unity.XR.Oculus.OculusLoader.EditorLoadOVRPlugin () [0x0007b] in D:\Users\Brandon Edmonds\Documents\Unity Projects\VRTest\Library\PackageCache\com.unity.xr.oculus@1.9.1\Runtime\OculusLoader.cs:234 

(Filename: Library/PackageCache/com.unity.xr.oculus@1.9.1/Runtime/OculusLoader.cs Line: 249)

Mono: successfully reloaded assembly
- Completed reload, in  1.728 seconds
Platform modules already initialized, skipping
Refreshing native plugins compatible for Editor in 1.23 ms, found 15 plugins.
Preloading 2 native plugins for Editor in 0.57 ms.
Unloading 3787 Unused Serialized files (Serialized files now loaded: 0)
System memory in use before: 164.0 MB.
System memory in use after: 163.9 MB.

Unloading 31 unused Assets to reduce memory usage. Loaded Objects now: 4441.
Total: 2.857700 ms (FindLiveObjects: 0.313800 ms CreateObjectMapping: 0.100000 ms MarkObjects: 2.176200 ms  DeleteObjects: 0.266600 ms)

========================================================================
Received Import Request.
  Time since last request: 372.088560 seconds.
  path: Assets/Scripts/New Folder
  artifactKey: Guid(469ae77834754d0498bec5f6aec80edd) Importer(815301076,1909f56bfc062723c751e8b465ee728b)
Start importing Assets/Scripts/New Folder using Guid(469ae77834754d0498bec5f6aec80edd) Importer(815301076,1909f56bfc062723c751e8b465ee728b)  -> (artifact id: '92f090dd118a46e3347f2f99858b68fa') in 0.012981 seconds 
========================================================================
Received Import Request.
  Time since last request: 20.410042 seconds.
  path: Assets/Scripts/RandomPosition.cs
  artifactKey: Guid(d929f21bc96a5b8429a1272687d1fe3b) Importer(815301076,1909f56bfc062723c751e8b465ee728b)
Start importing Assets/Scripts/RandomPosition.cs using Guid(d929f21bc96a5b8429a1272687d1fe3b) Importer(815301076,1909f56bfc062723c751e8b465ee728b)  -> (artifact id: '3f8fda29eb2529226b27b8d9576cfcf7') in 0.017048 seconds 
========================================================================
Received Prepare
Registering precompiled user dll's ...
Registered in 0.084686 seconds.
Begin MonoManager ReloadAssembly
Native extension for WindowsStandalone target not found
Refreshing native plugins compatible for Editor in 1.21 ms, found 15 plugins.
Preloading 2 native plugins for Editor in 0.59 ms.
NullReferenceException: Object reference not set to an instance of an object
  at Unity.XR.Oculus.OculusLoader.AssetPathToAbsolutePath (System.String assetPath) [0x00048] in D:\Users\Brandon Edmonds\Documents\Unity Projects\VRTest\Library\PackageCache\com.unity.xr.oculus@1.9.1\Runtime\OculusLoader.cs:249 
  at Unity.XR.Oculus.OculusLoader.EditorLoadOVRPlugin () [0x0007b] in D:\Users\Brandon Edmonds\Documents\Unity Projects\VRTest\Library\PackageCache\com.unity.xr.oculus@1.9.1\Runtime\OculusLoader.cs:234 

(Filename: Library/PackageCache/com.unity.xr.oculus@1.9.1/Runtime/OculusLoader.cs Line: 249)

Mono: successfully reloaded assembly
- Completed reload, in  1.803 seconds
Platform modules already initialized, skipping
Refreshing native plugins compatible for Editor in 1.31 ms, found 15 plugins.
Preloading 2 native plugins for Editor in 0.68 ms.
Unloading 3783 Unused Serialized files (Serialized files now loaded: 0)
System memory in use before: 164.0 MB.
System memory in use after: 163.8 MB.

Unloading 31 unused Assets to reduce memory usage. Loaded Objects now: 4446.
Total: 2.923200 ms (FindLiveObjects: 0.324800 ms CreateObjectMapping: 0.101200 ms MarkObjects: 2.239800 ms  DeleteObjects: 0.255800 ms)

========================================================================
Received Prepare
Registering precompiled user dll's ...
Registered in 0.059229 seconds.
Begin MonoManager ReloadAssembly
Native extension for WindowsStandalone target not found
Refreshing native plugins compatible for Editor in 1.21 ms, found 15 plugins.
Preloading 2 native plugins for Editor in 0.59 ms.
NullReferenceException: Object reference not set to an instance of an object
  at Unity.XR.Oculus.OculusLoader.AssetPathToAbsolutePath (System.String assetPath) [0x00048] in D:\Users\Brandon Edmonds\Documents\Unity Projects\VRTest\Library\PackageCache\com.unity.xr.oculus@1.9.1\Runtime\OculusLoader.cs:249 
  at Unity.XR.Oculus.OculusLoader.EditorLoadOVRPlugin () [0x0007b] in D:\Users\Brandon Edmonds\Documents\Unity Projects\VRTest\Library\PackageCache\com.unity.xr.oculus@1.9.1\Runtime\OculusLoader.cs:234 

(Filename: Library/PackageCache/com.unity.xr.oculus@1.9.1/Runtime/OculusLoader.cs Line: 249)

Mono: successfully reloaded assembly
- Completed reload, in  1.751 seconds
Platform modules already initialized, skipping
Refreshing native plugins compatible for Editor in 1.28 ms, found 15 plugins.
Preloading 2 native plugins for Editor in 0.56 ms.
Unloading 3783 Unused Serialized files (Serialized files now loaded: 0)
System memory in use before: 164.0 MB.
System memory in use after: 163.8 MB.

Unloading 31 unused Assets to reduce memory usage. Loaded Objects now: 4450.
Total: 2.999600 ms (FindLiveObjects: 0.317100 ms CreateObjectMapping: 0.099200 ms MarkObjects: 2.316600 ms  DeleteObjects: 0.265600 ms)

========================================================================
Received Import Request.
  Time since last request: 357.963200 seconds.
  path: Assets/Scripts/RandomPosition.cs
  artifactKey: Guid(d929f21bc96a5b8429a1272687d1fe3b) Importer(815301076,1909f56bfc062723c751e8b465ee728b)
Start importing Assets/Scripts/RandomPosition.cs using Guid(d929f21bc96a5b8429a1272687d1fe3b) Importer(815301076,1909f56bfc062723c751e8b465ee728b)  -> (artifact id: 'bc5a42b7723ff631e7f4d7433376a4c1') in 0.011447 seconds 
========================================================================
Received Prepare
Registering precompiled user dll's ...
Registered in 0.060133 seconds.
Begin MonoManager ReloadAssembly
Native extension for WindowsStandalone target not found
Refreshing native plugins compatible for Editor in 1.20 ms, found 15 plugins.
Preloading 2 native plugins for Editor in 0.59 ms.
NullReferenceException: Object reference not set to an instance of an object
  at Unity.XR.Oculus.OculusLoader.AssetPathToAbsolutePath (System.String assetPath) [0x00048] in D:\Users\Brandon Edmonds\Documents\Unity Projects\VRTest\Library\PackageCache\com.unity.xr.oculus@1.9.1\Runtime\OculusLoader.cs:249 
  at Unity.XR.Oculus.OculusLoader.EditorLoadOVRPlugin () [0x0007b] in D:\Users\Brandon Edmonds\Documents\Unity Projects\VRTest\Library\PackageCache\com.unity.xr.oculus@1.9.1\Runtime\OculusLoader.cs:234 

(Filename: Library/PackageCache/com.unity.xr.oculus@1.9.1/Runtime/OculusLoader.cs Line: 249)

Mono: successfully reloaded assembly
- Completed reload, in  1.782 seconds
Platform modules already initialized, skipping
Refreshing native plugins compatible for Editor in 1.44 ms, found 15 plugins.
Preloading 2 native plugins for Editor in 0.61 ms.
Unloading 3783 Unused Serialized files (Serialized files now loaded: 0)
System memory in use before: 164.0 MB.
System memory in use after: 163.8 MB.

Unloading 31 unused Assets to reduce memory usage. Loaded Objects now: 4454.
Total: 2.946100 ms (FindLiveObjects: 0.345700 ms CreateObjectMapping: 0.100100 ms MarkObjects: 2.213100 ms  DeleteObjects: 0.285700 ms)

========================================================================
Received Prepare
Registering precompiled user dll's ...
Registered in 0.060292 seconds.
Begin MonoManager ReloadAssembly
Native extension for WindowsStandalone target not found
Refreshing native plugins compatible for Editor in 1.20 ms, found 15 plugins.
Preloading 2 native plugins for Editor in 0.60 ms.
NullReferenceException: Object reference not set to an instance of an object
  at Unity.XR.Oculus.OculusLoader.AssetPathToAbsolutePath (System.String assetPath) [0x00048] in D:\Users\Brandon Edmonds\Documents\Unity Projects\VRTest\Library\PackageCache\com.unity.xr.oculus@1.9.1\Runtime\OculusLoader.cs:249 
  at Unity.XR.Oculus.OculusLoader.EditorLoadOVRPlugin () [0x0007b] in D:\Users\Brandon Edmonds\Documents\Unity Projects\VRTest\Library\PackageCache\com.unity.xr.oculus@1.9.1\Runtime\OculusLoader.cs:234 

(Filename: Library/PackageCache/com.unity.xr.oculus@1.9.1/Runtime/OculusLoader.cs Line: 249)

Mono: successfully reloaded assembly
- Completed reload, in  1.764 seconds
Platform modules already initialized, skipping
Refreshing native plugins compatible for Editor in 1.28 ms, found 15 plugins.
Preloading 2 native plugins for Editor in 0.59 ms.
Unloading 3783 Unused Serialized files (Serialized files now loaded: 0)
System memory in use before: 164.1 MB.
System memory in use after: 163.9 MB.

Unloading 31 unused Assets to reduce memory usage. Loaded Objects now: 4458.
Total: 3.045200 ms (FindLiveObjects: 0.381200 ms CreateObjectMapping: 0.102700 ms MarkObjects: 2.302400 ms  DeleteObjects: 0.256700 ms)

========================================================================
Received Prepare
Registering precompiled user dll's ...
Registered in 0.056475 seconds.
Begin MonoManager ReloadAssembly
Native extension for WindowsStandalone target not found
Refreshing native plugins compatible for Editor in 1.28 ms, found 15 plugins.
Preloading 2 native plugins for Editor in 0.63 ms.
NullReferenceException: Object reference not set to an instance of an object
  at Unity.XR.Oculus.OculusLoader.AssetPathToAbsolutePath (System.String assetPath) [0x00048] in D:\Users\Brandon Edmonds\Documents\Unity Projects\VRTest\Library\PackageCache\com.unity.xr.oculus@1.9.1\Runtime\OculusLoader.cs:249 
  at Unity.XR.Oculus.OculusLoader.EditorLoadOVRPlugin () [0x0007b] in D:\Users\Brandon Edmonds\Documents\Unity Projects\VRTest\Library\PackageCache\com.unity.xr.oculus@1.9.1\Runtime\OculusLoader.cs:234 

(Filename: Library/PackageCache/com.unity.xr.oculus@1.9.1/Runtime/OculusLoader.cs Line: 249)

Mono: successfully reloaded assembly
- Completed reload, in  1.696 seconds
Platform modules already initialized, skipping
Refreshing native plugins compatible for Editor in 1.31 ms, found 15 plugins.
Preloading 2 native plugins for Editor in 0.59 ms.
Unloading 3783 Unused Serialized files (Serialized files now loaded: 0)
System memory in use before: 164.1 MB.
System memory in use after: 164.0 MB.

Unloading 31 unused Assets to reduce memory usage. Loaded Objects now: 4462.
Total: 3.438400 ms (FindLiveObjects: 0.374900 ms CreateObjectMapping: 0.099900 ms MarkObjects: 2.710100 ms  DeleteObjects: 0.252100 ms)

========================================================================
Received Import Request.
  Time since last request: 300.040006 seconds.
  path: Assets/Art/Materialls/Table.mat
  artifactKey: Guid(41af4222564240446857e6abcc95ffd9) Importer(815301076,1909f56bfc062723c751e8b465ee728b)
Start importing Assets/Art/Materialls/Table.mat using Guid(41af4222564240446857e6abcc95ffd9) Importer(815301076,1909f56bfc062723c751e8b465ee728b)  -> (artifact id: 'aa41dfa40b113412e324e27401747cab') in 0.083766 seconds 
========================================================================
Received Prepare
Registering precompiled user dll's ...
Registered in 0.058619 seconds.
Begin MonoManager ReloadAssembly
Native extension for WindowsStandalone target not found
Refreshing native plugins compatible for Editor in 1.26 ms, found 15 plugins.
Preloading 2 native plugins for Editor in 0.74 ms.
NullReferenceException: Object reference not set to an instance of an object
  at Unity.XR.Oculus.OculusLoader.AssetPathToAbsolutePath (System.String assetPath) [0x00048] in D:\Users\Brandon Edmonds\Documents\Unity Projects\VRTest\Library\PackageCache\com.unity.xr.oculus@1.9.1\Runtime\OculusLoader.cs:249 
  at Unity.XR.Oculus.OculusLoader.EditorLoadOVRPlugin () [0x0007b] in D:\Users\Brandon Edmonds\Documents\Unity Projects\VRTest\Library\PackageCache\com.unity.xr.oculus@1.9.1\Runtime\OculusLoader.cs:234 

(Filename: Library/PackageCache/com.unity.xr.oculus@1.9.1/Runtime/OculusLoader.cs Line: 249)

Mono: successfully reloaded assembly
- Completed reload, in  1.765 seconds
Platform modules already initialized, skipping
Refreshing native plugins compatible for Editor in 1.26 ms, found 15 plugins.
Preloading 2 native plugins for Editor in 0.56 ms.
Unloading 3783 Unused Serialized files (Serialized files now loaded: 0)
System memory in use before: 164.1 MB.
System memory in use after: 164.0 MB.

Unloading 31 unused Assets to reduce memory usage. Loaded Objects now: 4467.
Total: 2.979600 ms (FindLiveObjects: 0.346600 ms CreateObjectMapping: 0.107200 ms MarkObjects: 2.277100 ms  DeleteObjects: 0.247000 ms)

========================================================================
Received Prepare
Registering precompiled user dll's ...
Registered in 0.055632 seconds.
Begin MonoManager ReloadAssembly
Native extension for WindowsStandalone target not found
Refreshing native plugins compatible for Editor in 1.23 ms, found 15 plugins.
Preloading 2 native plugins for Editor in 0.62 ms.
NullReferenceException: Object reference not set to an instance of an object
  at Unity.XR.Oculus.OculusLoader.AssetPathToAbsolutePath (System.String assetPath) [0x00048] in D:\Users\Brandon Edmonds\Documents\Unity Projects\VRTest\Library\PackageCache\com.unity.xr.oculus@1.9.1\Runtime\OculusLoader.cs:249 
  at Unity.XR.Oculus.OculusLoader.EditorLoadOVRPlugin () [0x0007b] in D:\Users\Brandon Edmonds\Documents\Unity Projects\VRTest\Library\PackageCache\com.unity.xr.oculus@1.9.1\Runtime\OculusLoader.cs:234 

(Filename: Library/PackageCache/com.unity.xr.oculus@1.9.1/Runtime/OculusLoader.cs Line: 249)

Mono: successfully reloaded assembly
- Completed reload, in  1.707 seconds
Platform modules already initialized, skipping
Refreshing native plugins compatible for Editor in 1.24 ms, found 15 plugins.
Preloading 2 native plugins for Editor in 0.56 ms.
Unloading 3783 Unused Serialized files (Serialized files now loaded: 0)
System memory in use before: 164.1 MB.
System memory in use after: 164.0 MB.

Unloading 31 unused Assets to reduce memory usage. Loaded Objects now: 4471.
Total: 3.158200 ms (FindLiveObjects: 0.333800 ms CreateObjectMapping: 0.104300 ms MarkObjects: 2.464500 ms  DeleteObjects: 0.254700 ms)

========================================================================
Received Prepare
Registering precompiled user dll's ...
Registered in 0.059078 seconds.
Begin MonoManager ReloadAssembly
Native extension for WindowsStandalone target not found
Refreshing native plugins compatible for Editor in 1.21 ms, found 15 plugins.
Preloading 2 native plugins for Editor in 0.61 ms.
NullReferenceException: Object reference not set to an instance of an object
  at Unity.XR.Oculus.OculusLoader.AssetPathToAbsolutePath (System.String assetPath) [0x00048] in D:\Users\Brandon Edmonds\Documents\Unity Projects\VRTest\Library\PackageCache\com.unity.xr.oculus@1.9.1\Runtime\OculusLoader.cs:249 
  at Unity.XR.Oculus.OculusLoader.EditorLoadOVRPlugin () [0x0007b] in D:\Users\Brandon Edmonds\Documents\Unity Projects\VRTest\Library\PackageCache\com.unity.xr.oculus@1.9.1\Runtime\OculusLoader.cs:234 

(Filename: Library/PackageCache/com.unity.xr.oculus@1.9.1/Runtime/OculusLoader.cs Line: 249)

Mono: successfully reloaded assembly
- Completed reload, in  1.715 seconds
Platform modules already initialized, skipping
Refreshing native plugins compatible for Editor in 1.23 ms, found 15 plugins.
Preloading 2 native plugins for Editor in 0.56 ms.
Unloading 3783 Unused Serialized files (Serialized files now loaded: 0)
System memory in use before: 164.2 MB.
System memory in use after: 164.0 MB.

Unloading 31 unused Assets to reduce memory usage. Loaded Objects now: 4475.
Total: 2.917300 ms (FindLiveObjects: 0.326800 ms CreateObjectMapping: 0.099000 ms MarkObjects: 2.227100 ms  DeleteObjects: 0.263400 ms)

========================================================================
Received Import Request.
  Time since last request: 235.368985 seconds.
  path: Assets/Standard Assets/Characters/ThirdPersonCharacter/Materials
  artifactKey: Guid(f93df448921b46c45999c77f43856ba2) Importer(815301076,1909f56bfc062723c751e8b465ee728b)
Start importing Assets/Standard Assets/Characters/ThirdPersonCharacter/Materials using Guid(f93df448921b46c45999c77f43856ba2) Importer(815301076,1909f56bfc062723c751e8b465ee728b)  -> (artifact id: 'a314c9a38e898dca4496b30dbc19159e') in 0.011688 seconds 
========================================================================
Received Import Request.
  Time since last request: 0.077215 seconds.
  path: Assets/Standard Assets/Characters/ThirdPersonCharacter/Materials/EthanGrey.mat
  artifactKey: Guid(621e901dcf5ebaf46bce29d18f67194c) Importer(815301076,1909f56bfc062723c751e8b465ee728b)
Start importing Assets/Standard Assets/Characters/ThirdPersonCharacter/Materials/EthanGrey.mat using Guid(621e901dcf5ebaf46bce29d18f67194c) Importer(815301076,1909f56bfc062723c751e8b465ee728b)  -> (artifact id: 'b2d463c4f52a0425caa3fdec2e089dab') in 0.100243 seconds 
========================================================================
Received Import Request.
  Time since last request: 0.000253 seconds.
  path: Assets/Standard Assets/Characters/ThirdPersonCharacter/Materials/EthanWhite.mat
  artifactKey: Guid(f62b52b2d4b721742a0bc5c6b4db468d) Importer(815301076,1909f56bfc062723c751e8b465ee728b)
Start importing Assets/Standard Assets/Characters/ThirdPersonCharacter/Materials/EthanWhite.mat using Guid(f62b52b2d4b721742a0bc5c6b4db468d) Importer(815301076,1909f56bfc062723c751e8b465ee728b)  -> (artifact id: '2b17a96c9bd7e93e0a4b181ff7cb5082') in 0.043484 seconds 
========================================================================
Received Import Request.
  Time since last request: 480.562087 seconds.
  path: Assets/Art/Materialls/EthanZombie.png
  artifactKey: Guid(f3447cbc862fc65499983ed085b6d1a5) Importer(815301076,1909f56bfc062723c751e8b465ee728b)
Start importing Assets/Art/Materialls/EthanZombie.png using Guid(f3447cbc862fc65499983ed085b6d1a5) Importer(815301076,1909f56bfc062723c751e8b465ee728b)  -> (artifact id: 'd51e0999462d5d3b5c5524cf1cd748a2') in 0.058705 seconds 
========================================================================
Received Import Request.
  Time since last request: 143.118554 seconds.
  path: Assets/Scripts/LookMoveTo.cs
  artifactKey: Guid(d6d3ea7bb4573a34a9c37d785ee32960) Importer(815301076,1909f56bfc062723c751e8b465ee728b)
Start importing Assets/Scripts/LookMoveTo.cs using Guid(d6d3ea7bb4573a34a9c37d785ee32960) Importer(815301076,1909f56bfc062723c751e8b465ee728b)  -> (artifact id: 'e4594ad6f0941f3d86f37cd53c27fe4d') in 0.008777 seconds 
========================================================================
Received Prepare
Registering precompiled user dll's ...
Registered in 0.061497 seconds.
Begin MonoManager ReloadAssembly
Native extension for WindowsStandalone target not found
Refreshing native plugins compatible for Editor in 1.29 ms, found 15 plugins.
Preloading 2 native plugins for Editor in 0.66 ms.
NullReferenceException: Object reference not set to an instance of an object
  at Unity.XR.Oculus.OculusLoader.AssetPathToAbsolutePath (System.String assetPath) [0x00048] in D:\Users\Brandon Edmonds\Documents\Unity Projects\VRTest\Library\PackageCache\com.unity.xr.oculus@1.9.1\Runtime\OculusLoader.cs:249 
  at Unity.XR.Oculus.OculusLoader.EditorLoadOVRPlugin () [0x0007b] in D:\Users\Brandon Edmonds\Documents\Unity Projects\VRTest\Library\PackageCache\com.unity.xr.oculus@1.9.1\Runtime\OculusLoader.cs:234 

(Filename: Library/PackageCache/com.unity.xr.oculus@1.9.1/Runtime/OculusLoader.cs Line: 249)

Mono: successfully reloaded assembly
- Completed reload, in  1.776 seconds
Platform modules already initialized, skipping
Refreshing native plugins compatible for Editor in 1.30 ms, found 15 plugins.
Preloading 2 native plugins for Editor in 0.62 ms.
Unloading 3785 Unused Serialized files (Serialized files now loaded: 0)
System memory in use before: 170.1 MB.
System memory in use after: 169.9 MB.

Unloading 31 unused Assets to reduce memory usage. Loaded Objects now: 4498.
Total: 3.089200 ms (FindLiveObjects: 0.351400 ms CreateObjectMapping: 0.111700 ms MarkObjects: 2.372800 ms  DeleteObjects: 0.251600 ms)

========================================================================
Received Prepare
Registering precompiled user dll's ...
Registered in 0.056011 seconds.
Begin MonoManager ReloadAssembly
Native extension for WindowsStandalone target not found
Refreshing native plugins compatible for Editor in 1.20 ms, found 15 plugins.
Preloading 2 native plugins for Editor in 0.61 ms.
NullReferenceException: Object reference not set to an instance of an object
  at Unity.XR.Oculus.OculusLoader.AssetPathToAbsolutePath (System.String assetPath) [0x00048] in D:\Users\Brandon Edmonds\Documents\Unity Projects\VRTest\Library\PackageCache\com.unity.xr.oculus@1.9.1\Runtime\OculusLoader.cs:249 
  at Unity.XR.Oculus.OculusLoader.EditorLoadOVRPlugin () [0x0007b] in D:\Users\Brandon Edmonds\Documents\Unity Projects\VRTest\Library\PackageCache\com.unity.xr.oculus@1.9.1\Runtime\OculusLoader.cs:234 

(Filename: Library/PackageCache/com.unity.xr.oculus@1.9.1/Runtime/OculusLoader.cs Line: 249)

Mono: successfully reloaded assembly
- Completed reload, in  1.758 seconds
Platform modules already initialized, skipping
Refreshing native plugins compatible for Editor in 1.59 ms, found 15 plugins.
Preloading 2 native plugins for Editor in 0.58 ms.
Unloading 3784 Unused Serialized files (Serialized files now loaded: 0)
System memory in use before: 170.1 MB.
System memory in use after: 169.9 MB.

Unloading 31 unused Assets to reduce memory usage. Loaded Objects now: 4502.
Total: 3.364000 ms (FindLiveObjects: 0.450200 ms CreateObjectMapping: 0.132000 ms MarkObjects: 2.483800 ms  DeleteObjects: 0.297100 ms)

========================================================================
Received Import Request.
  Time since last request: 165.159326 seconds.
  path: Assets/Scripts/LookMoveTo.cs
  artifactKey: Guid(d6d3ea7bb4573a34a9c37d785ee32960) Importer(815301076,1909f56bfc062723c751e8b465ee728b)
Start importing Assets/Scripts/LookMoveTo.cs using Guid(d6d3ea7bb4573a34a9c37d785ee32960) Importer(815301076,1909f56bfc062723c751e8b465ee728b)  -> (artifact id: 'f619111a95542a7e29d2cf21871d7a21') in 0.011693 seconds 
========================================================================
Received Prepare
Registering precompiled user dll's ...
Registered in 0.056761 seconds.
Begin MonoManager ReloadAssembly
Native extension for WindowsStandalone target not found
Refreshing native plugins compatible for Editor in 1.30 ms, found 15 plugins.
Preloading 2 native plugins for Editor in 0.71 ms.
NullReferenceException: Object reference not set to an instance of an object
  at Unity.XR.Oculus.OculusLoader.AssetPathToAbsolutePath (System.String assetPath) [0x00048] in D:\Users\Brandon Edmonds\Documents\Unity Projects\VRTest\Library\PackageCache\com.unity.xr.oculus@1.9.1\Runtime\OculusLoader.cs:249 
  at Unity.XR.Oculus.OculusLoader.EditorLoadOVRPlugin () [0x0007b] in D:\Users\Brandon Edmonds\Documents\Unity Projects\VRTest\Library\PackageCache\com.unity.xr.oculus@1.9.1\Runtime\OculusLoader.cs:234 

(Filename: Library/PackageCache/com.unity.xr.oculus@1.9.1/Runtime/OculusLoader.cs Line: 249)

Mono: successfully reloaded assembly
- Completed reload, in  1.733 seconds
Platform modules already initialized, skipping
Refreshing native plugins compatible for Editor in 1.27 ms, found 15 plugins.
Preloading 2 native plugins for Editor in 0.66 ms.
Unloading 3784 Unused Serialized files (Serialized files now loaded: 0)
System memory in use before: 170.0 MB.
System memory in use after: 169.9 MB.

Unloading 31 unused Assets to reduce memory usage. Loaded Objects now: 4506.
Total: 4.053500 ms (FindLiveObjects: 0.597600 ms CreateObjectMapping: 0.228400 ms MarkObjects: 2.913800 ms  DeleteObjects: 0.312000 ms)

========================================================================
Received Prepare
Registering precompiled user dll's ...
Registered in 0.055235 seconds.
Begin MonoManager ReloadAssembly
Native extension for WindowsStandalone target not found
Refreshing native plugins compatible for Editor in 1.32 ms, found 15 plugins.
Preloading 2 native plugins for Editor in 0.67 ms.
NullReferenceException: Object reference not set to an instance of an object
  at Unity.XR.Oculus.OculusLoader.AssetPathToAbsolutePath (System.String assetPath) [0x00048] in D:\Users\Brandon Edmonds\Documents\Unity Projects\VRTest\Library\PackageCache\com.unity.xr.oculus@1.9.1\Runtime\OculusLoader.cs:249 
  at Unity.XR.Oculus.OculusLoader.EditorLoadOVRPlugin () [0x0007b] in D:\Users\Brandon Edmonds\Documents\Unity Projects\VRTest\Library\PackageCache\com.unity.xr.oculus@1.9.1\Runtime\OculusLoader.cs:234 

(Filename: Library/PackageCache/com.unity.xr.oculus@1.9.1/Runtime/OculusLoader.cs Line: 249)

Mono: successfully reloaded assembly
- Completed reload, in  1.692 seconds
Platform modules already initialized, skipping
Refreshing native plugins compatible for Editor in 1.27 ms, found 15 plugins.
Preloading 2 native plugins for Editor in 0.62 ms.
Unloading 3784 Unused Serialized files (Serialized files now loaded: 0)
System memory in use before: 170.0 MB.
System memory in use after: 169.9 MB.

Unloading 31 unused Assets to reduce memory usage. Loaded Objects now: 4510.
Total: 3.283200 ms (FindLiveObjects: 0.381600 ms CreateObjectMapping: 0.102300 ms MarkObjects: 2.531900 ms  DeleteObjects: 0.265700 ms)

========================================================================
Received Prepare
Registering precompiled user dll's ...
Registered in 0.058245 seconds.
Begin MonoManager ReloadAssembly
Native extension for WindowsStandalone target not found
Refreshing native plugins compatible for Editor in 1.20 ms, found 15 plugins.
Preloading 2 native plugins for Editor in 0.62 ms.
NullReferenceException: Object reference not set to an instance of an object
  at Unity.XR.Oculus.OculusLoader.AssetPathToAbsolutePath (System.String assetPath) [0x00048] in D:\Users\Brandon Edmonds\Documents\Unity Projects\VRTest\Library\PackageCache\com.unity.xr.oculus@1.9.1\Runtime\OculusLoader.cs:249 
  at Unity.XR.Oculus.OculusLoader.EditorLoadOVRPlugin () [0x0007b] in D:\Users\Brandon Edmonds\Documents\Unity Projects\VRTest\Library\PackageCache\com.unity.xr.oculus@1.9.1\Runtime\OculusLoader.cs:234 

(Filename: Library/PackageCache/com.unity.xr.oculus@1.9.1/Runtime/OculusLoader.cs Line: 249)

Mono: successfully reloaded assembly
- Completed reload, in  1.741 seconds
Platform modules already initialized, skipping
Refreshing native plugins compatible for Editor in 1.67 ms, found 15 plugins.
Preloading 2 native plugins for Editor in 0.69 ms.
Unloading 3784 Unused Serialized files (Serialized files now loaded: 0)
System memory in use before: 170.1 MB.
System memory in use after: 169.9 MB.

Unloading 31 unused Assets to reduce memory usage. Loaded Objects now: 4514.
Total: 3.647600 ms (FindLiveObjects: 0.345900 ms CreateObjectMapping: 0.103000 ms MarkObjects: 2.917500 ms  DeleteObjects: 0.279800 ms)

========================================================================
Received Prepare
Registering precompiled user dll's ...
Registered in 0.060170 seconds.
Begin MonoManager ReloadAssembly
Native extension for WindowsStandalone target not found
Refreshing native plugins compatible for Editor in 1.26 ms, found 15 plugins.
Preloading 2 native plugins for Editor in 0.81 ms.
NullReferenceException: Object reference not set to an instance of an object
  at Unity.XR.Oculus.OculusLoader.AssetPathToAbsolutePath (System.String assetPath) [0x00048] in D:\Users\Brandon Edmonds\Documents\Unity Projects\VRTest\Library\PackageCache\com.unity.xr.oculus@1.9.1\Runtime\OculusLoader.cs:249 
  at Unity.XR.Oculus.OculusLoader.EditorLoadOVRPlugin () [0x0007b] in D:\Users\Brandon Edmonds\Documents\Unity Projects\VRTest\Library\PackageCache\com.unity.xr.oculus@1.9.1\Runtime\OculusLoader.cs:234 

(Filename: Library/PackageCache/com.unity.xr.oculus@1.9.1/Runtime/OculusLoader.cs Line: 249)

Mono: successfully reloaded assembly
- Completed reload, in  1.760 seconds
Platform modules already initialized, skipping
Refreshing native plugins compatible for Editor in 1.28 ms, found 15 plugins.
Preloading 2 native plugins for Editor in 0.59 ms.
Unloading 3784 Unused Serialized files (Serialized files now loaded: 0)
System memory in use before: 170.1 MB.
System memory in use after: 169.9 MB.

Unloading 31 unused Assets to reduce memory usage. Loaded Objects now: 4518.
Total: 3.020800 ms (FindLiveObjects: 0.333400 ms CreateObjectMapping: 0.103800 ms MarkObjects: 2.326800 ms  DeleteObjects: 0.255900 ms)

========================================================================
Received Prepare
Registering precompiled user dll's ...
Registered in 0.056439 seconds.
Begin MonoManager ReloadAssembly
Native extension for WindowsStandalone target not found
Refreshing native plugins compatible for Editor in 1.20 ms, found 15 plugins.
Preloading 2 native plugins for Editor in 0.61 ms.
NullReferenceException: Object reference not set to an instance of an object
  at Unity.XR.Oculus.OculusLoader.AssetPathToAbsolutePath (System.String assetPath) [0x00048] in D:\Users\Brandon Edmonds\Documents\Unity Projects\VRTest\Library\PackageCache\com.unity.xr.oculus@1.9.1\Runtime\OculusLoader.cs:249 
  at Unity.XR.Oculus.OculusLoader.EditorLoadOVRPlugin () [0x0007b] in D:\Users\Brandon Edmonds\Documents\Unity Projects\VRTest\Library\PackageCache\com.unity.xr.oculus@1.9.1\Runtime\OculusLoader.cs:234 

(Filename: Library/PackageCache/com.unity.xr.oculus@1.9.1/Runtime/OculusLoader.cs Line: 249)

Mono: successfully reloaded assembly
- Completed reload, in  1.680 seconds
Platform modules already initialized, skipping
Refreshing native plugins compatible for Editor in 1.29 ms, found 15 plugins.
Preloading 2 native plugins for Editor in 0.60 ms.
Unloading 3784 Unused Serialized files (Serialized files now loaded: 0)
System memory in use before: 170.1 MB.
System memory in use after: 169.9 MB.

Unloading 31 unused Assets to reduce memory usage. Loaded Objects now: 4522.
Total: 2.988800 ms (FindLiveObjects: 0.352300 ms CreateObjectMapping: 0.101100 ms MarkObjects: 2.280700 ms  DeleteObjects: 0.253600 ms)

